2025-09-09T16:15:26: [32m[Nest] 48357  - [39m09/09/2025, 16:15:26 [32m    LOG[39m [38;5;3m[NestFactory] [39m[32mStarting Nest application...[39m
2025-09-09T16:15:26: [32m[Nest] 48357  - [39m09/09/2025, 16:15:26 [32m    LOG[39m [38;5;3m[InstanceLoader] [39m[32mTypeOrmModule dependencies initialized[39m[38;5;3m +38ms[39m
2025-09-09T16:15:26: [32m[Nest] 48357  - [39m09/09/2025, 16:15:26 [32m    LOG[39m [38;5;3m[InstanceLoader] [39m[32mPassportModule dependencies initialized[39m[38;5;3m +1ms[39m
2025-09-09T16:15:26: [32m[Nest] 48357  - [39m09/09/2025, 16:15:26 [32m    LOG[39m [38;5;3m[InstanceLoader] [39m[32mCloudinaryModule dependencies initialized[39m[38;5;3m +0ms[39m
2025-09-09T16:15:26: [32m[Nest] 48357  - [39m09/09/2025, 16:15:26 [32m    LOG[39m [38;5;3m[InstanceLoader] [39m[32mConfigHostModule dependencies initialized[39m[38;5;3m +1ms[39m
2025-09-09T16:15:26: [32m[Nest] 48357  - [39m09/09/2025, 16:15:26 [32m    LOG[39m [38;5;3m[InstanceLoader] [39m[32mThrottlerModule dependencies initialized[39m[38;5;3m +0ms[39m
2025-09-09T16:15:26: [32m[Nest] 48357  - [39m09/09/2025, 16:15:26 [32m    LOG[39m [38;5;3m[InstanceLoader] [39m[32mLocationsModule dependencies initialized[39m[38;5;3m +1ms[39m
2025-09-09T16:15:26: [32m[Nest] 48357  - [39m09/09/2025, 16:15:26 [32m    LOG[39m [38;5;3m[InstanceLoader] [39m[32mAppModule dependencies initialized[39m[38;5;3m +2ms[39m
2025-09-09T16:15:26: [32m[Nest] 48357  - [39m09/09/2025, 16:15:26 [32m    LOG[39m [38;5;3m[InstanceLoader] [39m[32mConfigModule dependencies initialized[39m[38;5;3m +0ms[39m
2025-09-09T16:15:26: [32m[Nest] 48357  - [39m09/09/2025, 16:15:26 [32m    LOG[39m [38;5;3m[InstanceLoader] [39m[32mConfigModule dependencies initialized[39m[38;5;3m +0ms[39m
2025-09-09T16:15:26: [32m[Nest] 48357  - [39m09/09/2025, 16:15:26 [32m    LOG[39m [38;5;3m[InstanceLoader] [39m[32mJwtModule dependencies initialized[39m[38;5;3m +176ms[39m
2025-09-09T16:15:26: [32m[Nest] 48357  - [39m09/09/2025, 16:15:26 [32m    LOG[39m [38;5;3m[InstanceLoader] [39m[32mUploadModule dependencies initialized[39m[38;5;3m +0ms[39m
2025-09-09T16:15:27: [32m[Nest] 48357  - [39m09/09/2025, 16:15:27 [32m    LOG[39m [38;5;3m[InstanceLoader] [39m[32mTypeOrmCoreModule dependencies initialized[39m[38;5;3m +283ms[39m
2025-09-09T16:15:27: [32m[Nest] 48357  - [39m09/09/2025, 16:15:27 [32m    LOG[39m [38;5;3m[InstanceLoader] [39m[32mTypeOrmModule dependencies initialized[39m[38;5;3m +0ms[39m
2025-09-09T16:15:27: [32m[Nest] 48357  - [39m09/09/2025, 16:15:27 [32m    LOG[39m [38;5;3m[InstanceLoader] [39m[32mTypeOrmModule dependencies initialized[39m[38;5;3m +0ms[39m
2025-09-09T16:15:27: [32m[Nest] 48357  - [39m09/09/2025, 16:15:27 [32m    LOG[39m [38;5;3m[InstanceLoader] [39m[32mTypeOrmModule dependencies initialized[39m[38;5;3m +0ms[39m
2025-09-09T16:15:27: [32m[Nest] 48357  - [39m09/09/2025, 16:15:27 [32m    LOG[39m [38;5;3m[InstanceLoader] [39m[32mTypeOrmModule dependencies initialized[39m[38;5;3m +0ms[39m
2025-09-09T16:15:27: [32m[Nest] 48357  - [39m09/09/2025, 16:15:27 [32m    LOG[39m [38;5;3m[InstanceLoader] [39m[32mTypeOrmModule dependencies initialized[39m[38;5;3m +0ms[39m
2025-09-09T16:15:27: [32m[Nest] 48357  - [39m09/09/2025, 16:15:27 [32m    LOG[39m [38;5;3m[InstanceLoader] [39m[32mAnalyticsModule dependencies initialized[39m[38;5;3m +10ms[39m
2025-09-09T16:15:27: [32m[Nest] 48357  - [39m09/09/2025, 16:15:27 [32m    LOG[39m [38;5;3m[InstanceLoader] [39m[32mBlogModule dependencies initialized[39m[38;5;3m +1ms[39m
2025-09-09T16:15:27: [32m[Nest] 48357  - [39m09/09/2025, 16:15:27 [32m    LOG[39m [38;5;3m[InstanceLoader] [39m[32mUsersModule dependencies initialized[39m[38;5;3m +1ms[39m
2025-09-09T16:15:27: [32m[Nest] 48357  - [39m09/09/2025, 16:15:27 [32m    LOG[39m [38;5;3m[InstanceLoader] [39m[32mPropertiesModule dependencies initialized[39m[38;5;3m +0ms[39m
2025-09-09T16:15:27: [32m[Nest] 48357  - [39m09/09/2025, 16:15:27 [32m    LOG[39m [38;5;3m[InstanceLoader] [39m[32mDemandeModule dependencies initialized[39m[38;5;3m +0ms[39m
2025-09-09T16:15:27: [32m[Nest] 48357  - [39m09/09/2025, 16:15:27 [32m    LOG[39m [38;5;3m[InstanceLoader] [39m[32mAuthModule dependencies initialized[39m[38;5;3m +0ms[39m
2025-09-09T16:15:27: [32m[Nest] 48357  - [39m09/09/2025, 16:15:27 [32m    LOG[39m [38;5;3m[RoutesResolver] [39m[32mAppController {/api}:[39m[38;5;3m +89ms[39m
2025-09-09T16:15:27: [32m[Nest] 48357  - [39m09/09/2025, 16:15:27 [32m    LOG[39m [38;5;3m[RouterExplorer] [39m[32mMapped {/api, GET} route[39m[38;5;3m +4ms[39m
2025-09-09T16:15:27: [32m[Nest] 48357  - [39m09/09/2025, 16:15:27 [32m    LOG[39m [38;5;3m[RouterExplorer] [39m[32mMapped {/api/health, GET} route[39m[38;5;3m +0ms[39m
2025-09-09T16:15:27: [32m[Nest] 48357  - [39m09/09/2025, 16:15:27 [32m    LOG[39m [38;5;3m[RoutesResolver] [39m[32mUsersController {/api/users}:[39m[38;5;3m +1ms[39m
2025-09-09T16:15:27: [32m[Nest] 48357  - [39m09/09/2025, 16:15:27 [32m    LOG[39m [38;5;3m[RouterExplorer] [39m[32mMapped {/api/users, POST} route[39m[38;5;3m +1ms[39m
2025-09-09T16:15:27: [32m[Nest] 48357  - [39m09/09/2025, 16:15:27 [32m    LOG[39m [38;5;3m[RouterExplorer] [39m[32mMapped {/api/users, GET} route[39m[38;5;3m +0ms[39m
2025-09-09T16:15:27: [32m[Nest] 48357  - [39m09/09/2025, 16:15:27 [32m    LOG[39m [38;5;3m[RouterExplorer] [39m[32mMapped {/api/users/:id, GET} route[39m[38;5;3m +1ms[39m
2025-09-09T16:15:27: [32m[Nest] 48357  - [39m09/09/2025, 16:15:27 [32m    LOG[39m [38;5;3m[RouterExplorer] [39m[32mMapped {/api/users/:id, PATCH} route[39m[38;5;3m +0ms[39m
2025-09-09T16:15:27: [32m[Nest] 48357  - [39m09/09/2025, 16:15:27 [32m    LOG[39m [38;5;3m[RouterExplorer] [39m[32mMapped {/api/users/:id, DELETE} route[39m[38;5;3m +1ms[39m
2025-09-09T16:15:27: [32m[Nest] 48357  - [39m09/09/2025, 16:15:27 [32m    LOG[39m [38;5;3m[RoutesResolver] [39m[32mAuthController {/api/auth}:[39m[38;5;3m +0ms[39m
2025-09-09T16:15:27: [32m[Nest] 48357  - [39m09/09/2025, 16:15:27 [32m    LOG[39m [38;5;3m[RouterExplorer] [39m[32mMapped {/api/auth/register, POST} route[39m[38;5;3m +1ms[39m
2025-09-09T16:15:27: [32m[Nest] 48357  - [39m09/09/2025, 16:15:27 [32m    LOG[39m [38;5;3m[RouterExplorer] [39m[32mMapped {/api/auth/login, POST} route[39m[38;5;3m +0ms[39m
2025-09-09T16:15:27: [32m[Nest] 48357  - [39m09/09/2025, 16:15:27 [32m    LOG[39m [38;5;3m[RouterExplorer] [39m[32mMapped {/api/auth/profile, GET} route[39m[38;5;3m +1ms[39m
2025-09-09T16:15:27: [32m[Nest] 48357  - [39m09/09/2025, 16:15:27 [32m    LOG[39m [38;5;3m[RoutesResolver] [39m[32mPropertiesController {/api/properties}:[39m[38;5;3m +0ms[39m
2025-09-09T16:15:27: [32m[Nest] 48357  - [39m09/09/2025, 16:15:27 [32m    LOG[39m [38;5;3m[RouterExplorer] [39m[32mMapped {/api/properties, POST} route[39m[38;5;3m +2ms[39m
2025-09-09T16:15:27: [32m[Nest] 48357  - [39m09/09/2025, 16:15:27 [32m    LOG[39m [38;5;3m[RouterExplorer] [39m[32mMapped {/api/properties/with-images, POST} route[39m[38;5;3m +1ms[39m
2025-09-09T16:15:27: [32m[Nest] 48357  - [39m09/09/2025, 16:15:27 [32m    LOG[39m [38;5;3m[RouterExplorer] [39m[32mMapped {/api/properties, GET} route[39m[38;5;3m +0ms[39m
2025-09-09T16:15:27: [32m[Nest] 48357  - [39m09/09/2025, 16:15:27 [32m    LOG[39m [38;5;3m[RouterExplorer] [39m[32mMapped {/api/properties/:id, GET} route[39m[38;5;3m +0ms[39m
2025-09-09T16:15:27: [32m[Nest] 48357  - [39m09/09/2025, 16:15:27 [32m    LOG[39m [38;5;3m[RouterExplorer] [39m[32mMapped {/api/properties/:id/view, PATCH} route[39m[38;5;3m +1ms[39m
2025-09-09T16:15:27: [32m[Nest] 48357  - [39m09/09/2025, 16:15:27 [32m    LOG[39m [38;5;3m[RouterExplorer] [39m[32mMapped {/api/properties/:id, PATCH} route[39m[38;5;3m +0ms[39m
2025-09-09T16:15:27: [32m[Nest] 48357  - [39m09/09/2025, 16:15:27 [32m    LOG[39m [38;5;3m[RouterExplorer] [39m[32mMapped {/api/properties/:id, DELETE} route[39m[38;5;3m +0ms[39m
2025-09-09T16:15:27: [32m[Nest] 48357  - [39m09/09/2025, 16:15:27 [32m    LOG[39m [38;5;3m[RoutesResolver] [39m[32mPropertyImagesController {/api/property-images}:[39m[38;5;3m +0ms[39m
2025-09-09T16:15:27: [32m[Nest] 48357  - [39m09/09/2025, 16:15:27 [32m    LOG[39m [38;5;3m[RouterExplorer] [39m[32mMapped {/api/property-images, POST} route[39m[38;5;3m +0ms[39m
2025-09-09T16:15:27: [32m[Nest] 48357  - [39m09/09/2025, 16:15:27 [32m    LOG[39m [38;5;3m[RouterExplorer] [39m[32mMapped {/api/property-images, GET} route[39m[38;5;3m +0ms[39m
2025-09-09T16:15:27: [32m[Nest] 48357  - [39m09/09/2025, 16:15:27 [32m    LOG[39m [38;5;3m[RouterExplorer] [39m[32mMapped {/api/property-images/property/:propertyId, GET} route[39m[38;5;3m +1ms[39m
2025-09-09T16:15:27: [32m[Nest] 48357  - [39m09/09/2025, 16:15:27 [32m    LOG[39m [38;5;3m[RouterExplorer] [39m[32mMapped {/api/property-images/:id, GET} route[39m[38;5;3m +0ms[39m
2025-09-09T16:15:27: [32m[Nest] 48357  - [39m09/09/2025, 16:15:27 [32m    LOG[39m [38;5;3m[RouterExplorer] [39m[32mMapped {/api/property-images/:id, DELETE} route[39m[38;5;3m +0ms[39m
2025-09-09T16:15:27: [32m[Nest] 48357  - [39m09/09/2025, 16:15:27 [32m    LOG[39m [38;5;3m[RoutesResolver] [39m[32mPropertyAmenitiesController {/api/property-amenities}:[39m[38;5;3m +0ms[39m
2025-09-09T16:15:27: [32m[Nest] 48357  - [39m09/09/2025, 16:15:27 [32m    LOG[39m [38;5;3m[RouterExplorer] [39m[32mMapped {/api/property-amenities, POST} route[39m[38;5;3m +1ms[39m
2025-09-09T16:15:27: [32m[Nest] 48357  - [39m09/09/2025, 16:15:27 [32m    LOG[39m [38;5;3m[RouterExplorer] [39m[32mMapped {/api/property-amenities, GET} route[39m[38;5;3m +0ms[39m
2025-09-09T16:15:27: [32m[Nest] 48357  - [39m09/09/2025, 16:15:27 [32m    LOG[39m [38;5;3m[RouterExplorer] [39m[32mMapped {/api/property-amenities/:id, GET} route[39m[38;5;3m +0ms[39m
2025-09-09T16:15:27: [32m[Nest] 48357  - [39m09/09/2025, 16:15:27 [32m    LOG[39m [38;5;3m[RouterExplorer] [39m[32mMapped {/api/property-amenities/:id, PATCH} route[39m[38;5;3m +1ms[39m
2025-09-09T16:15:27: [32m[Nest] 48357  - [39m09/09/2025, 16:15:27 [32m    LOG[39m [38;5;3m[RouterExplorer] [39m[32mMapped {/api/property-amenities/:id, DELETE} route[39m[38;5;3m +1ms[39m
2025-09-09T16:15:27: [32m[Nest] 48357  - [39m09/09/2025, 16:15:27 [32m    LOG[39m [38;5;3m[RoutesResolver] [39m[32mFavoritePropertiesController {/api/favorite-properties}:[39m[38;5;3m +0ms[39m
2025-09-09T16:15:27: [32m[Nest] 48357  - [39m09/09/2025, 16:15:27 [32m    LOG[39m [38;5;3m[RouterExplorer] [39m[32mMapped {/api/favorite-properties/:propertyId, POST} route[39m[38;5;3m +1ms[39m
2025-09-09T16:15:27: [32m[Nest] 48357  - [39m09/09/2025, 16:15:27 [32m    LOG[39m [38;5;3m[RouterExplorer] [39m[32mMapped {/api/favorite-properties, GET} route[39m[38;5;3m +0ms[39m
2025-09-09T16:15:27: [32m[Nest] 48357  - [39m09/09/2025, 16:15:27 [32m    LOG[39m [38;5;3m[RouterExplorer] [39m[32mMapped {/api/favorite-properties/:propertyId, DELETE} route[39m[38;5;3m +1ms[39m
2025-09-09T16:15:27: [32m[Nest] 48357  - [39m09/09/2025, 16:15:27 [32m    LOG[39m [38;5;3m[RoutesResolver] [39m[32mPaperController {/api/papers}:[39m[38;5;3m +0ms[39m
2025-09-09T16:15:27: [32m[Nest] 48357  - [39m09/09/2025, 16:15:27 [32m    LOG[39m [38;5;3m[RouterExplorer] [39m[32mMapped {/api/papers, GET} route[39m[38;5;3m +0ms[39m
2025-09-09T16:15:27: [32m[Nest] 48357  - [39m09/09/2025, 16:15:27 [32m    LOG[39m [38;5;3m[RouterExplorer] [39m[32mMapped {/api/papers/:id, GET} route[39m[38;5;3m +1ms[39m
2025-09-09T16:15:27: [32m[Nest] 48357  - [39m09/09/2025, 16:15:27 [32m    LOG[39m [38;5;3m[RouterExplorer] [39m[32mMapped {/api/papers, POST} route[39m[38;5;3m +1ms[39m
2025-09-09T16:15:27: [32m[Nest] 48357  - [39m09/09/2025, 16:15:27 [32m    LOG[39m [38;5;3m[RouterExplorer] [39m[32mMapped {/api/papers/:id, PUT} route[39m[38;5;3m +0ms[39m
2025-09-09T16:15:27: [32m[Nest] 48357  - [39m09/09/2025, 16:15:27 [32m    LOG[39m [38;5;3m[RouterExplorer] [39m[32mMapped {/api/papers/:id, DELETE} route[39m[38;5;3m +1ms[39m
2025-09-09T16:15:27: [32m[Nest] 48357  - [39m09/09/2025, 16:15:27 [32m    LOG[39m [38;5;3m[RouterExplorer] [39m[32mMapped {/api/papers/seed, POST} route[39m[38;5;3m +0ms[39m
2025-09-09T16:15:27: [32m[Nest] 48357  - [39m09/09/2025, 16:15:27 [32m    LOG[39m [38;5;3m[RoutesResolver] [39m[32mDemandeController {/api/demandes}:[39m[38;5;3m +1ms[39m
2025-09-09T16:15:27: [32m[Nest] 48357  - [39m09/09/2025, 16:15:27 [32m    LOG[39m [38;5;3m[RouterExplorer] [39m[32mMapped {/api/demandes, POST} route[39m[38;5;3m +0ms[39m
2025-09-09T16:15:27: [32m[Nest] 48357  - [39m09/09/2025, 16:15:27 [32m    LOG[39m [38;5;3m[RouterExplorer] [39m[32mMapped {/api/demandes/upload-files, POST} route[39m[38;5;3m +1ms[39m
2025-09-09T16:15:27: [32m[Nest] 48357  - [39m09/09/2025, 16:15:27 [32m    LOG[39m [38;5;3m[RouterExplorer] [39m[32mMapped {/api/demandes/test-upload, POST} route[39m[38;5;3m +1ms[39m
2025-09-09T16:15:27: [32m[Nest] 48357  - [39m09/09/2025, 16:15:27 [32m    LOG[39m [38;5;3m[RouterExplorer] [39m[32mMapped {/api/demandes/upload, POST} route[39m[38;5;3m +13ms[39m
2025-09-09T16:15:27: [32m[Nest] 48357  - [39m09/09/2025, 16:15:27 [32m    LOG[39m [38;5;3m[RouterExplorer] [39m[32mMapped {/api/demandes/with-images, POST} route[39m[38;5;3m +1ms[39m
2025-09-09T16:15:27: [32m[Nest] 48357  - [39m09/09/2025, 16:15:27 [32m    LOG[39m [38;5;3m[RouterExplorer] [39m[32mMapped {/api/demandes, GET} route[39m[38;5;3m +1ms[39m
2025-09-09T16:15:27: [32m[Nest] 48357  - [39m09/09/2025, 16:15:27 [32m    LOG[39m [38;5;3m[RouterExplorer] [39m[32mMapped {/api/demandes/analytics/summary, GET} route[39m[38;5;3m +0ms[39m
2025-09-09T16:15:27: [32m[Nest] 48357  - [39m09/09/2025, 16:15:27 [32m    LOG[39m [38;5;3m[RouterExplorer] [39m[32mMapped {/api/demandes/:id, GET} route[39m[38;5;3m +1ms[39m
2025-09-09T16:15:27: [32m[Nest] 48357  - [39m09/09/2025, 16:15:27 [32m    LOG[39m [38;5;3m[RouterExplorer] [39m[32mMapped {/api/demandes/:id/status/:status, PATCH} route[39m[38;5;3m +0ms[39m
2025-09-09T16:15:27: [32m[Nest] 48357  - [39m09/09/2025, 16:15:27 [32m    LOG[39m [38;5;3m[RouterExplorer] [39m[32mMapped {/api/demandes/:id, DELETE} route[39m[38;5;3m +2ms[39m
2025-09-09T16:15:27: [32m[Nest] 48357  - [39m09/09/2025, 16:15:27 [32m    LOG[39m [38;5;3m[RoutesResolver] [39m[32mUploadController {/api/upload}:[39m[38;5;3m +0ms[39m
2025-09-09T16:15:27: [32m[Nest] 48357  - [39m09/09/2025, 16:15:27 [32m    LOG[39m [38;5;3m[RouterExplorer] [39m[32mMapped {/api/upload/image, POST} route[39m[38;5;3m +1ms[39m
2025-09-09T16:15:27: [32m[Nest] 48357  - [39m09/09/2025, 16:15:27 [32m    LOG[39m [38;5;3m[RoutesResolver] [39m[32mBlogController {/api/blog}:[39m[38;5;3m +0ms[39m
2025-09-09T16:15:27: [32m[Nest] 48357  - [39m09/09/2025, 16:15:27 [32m    LOG[39m [38;5;3m[RouterExplorer] [39m[32mMapped {/api/blog, POST} route[39m[38;5;3m +1ms[39m
2025-09-09T16:15:27: [32m[Nest] 48357  - [39m09/09/2025, 16:15:27 [32m    LOG[39m [38;5;3m[RouterExplorer] [39m[32mMapped {/api/blog, GET} route[39m[38;5;3m +1ms[39m
2025-09-09T16:15:27: [32m[Nest] 48357  - [39m09/09/2025, 16:15:27 [32m    LOG[39m [38;5;3m[RouterExplorer] [39m[32mMapped {/api/blog/analytics, GET} route[39m[38;5;3m +1ms[39m
2025-09-09T16:15:27: [32m[Nest] 48357  - [39m09/09/2025, 16:15:27 [32m    LOG[39m [38;5;3m[RouterExplorer] [39m[32mMapped {/api/blog/:id, GET} route[39m[38;5;3m +0ms[39m
2025-09-09T16:15:27: [32m[Nest] 48357  - [39m09/09/2025, 16:15:27 [32m    LOG[39m [38;5;3m[RouterExplorer] [39m[32mMapped {/api/blog/slug/:slug, GET} route[39m[38;5;3m +0ms[39m
2025-09-09T16:15:27: [32m[Nest] 48357  - [39m09/09/2025, 16:15:27 [32m    LOG[39m [38;5;3m[RouterExplorer] [39m[32mMapped {/api/blog/:id, PATCH} route[39m[38;5;3m +1ms[39m
2025-09-09T16:15:27: [32m[Nest] 48357  - [39m09/09/2025, 16:15:27 [32m    LOG[39m [38;5;3m[RouterExplorer] [39m[32mMapped {/api/blog/:id/status, PATCH} route[39m[38;5;3m +0ms[39m
2025-09-09T16:15:27: [32m[Nest] 48357  - [39m09/09/2025, 16:15:27 [32m    LOG[39m [38;5;3m[RouterExplorer] [39m[32mMapped {/api/blog/:id/slug, PATCH} route[39m[38;5;3m +2ms[39m
2025-09-09T16:15:27: [32m[Nest] 48357  - [39m09/09/2025, 16:15:27 [32m    LOG[39m [38;5;3m[RouterExplorer] [39m[32mMapped {/api/blog/:id, DELETE} route[39m[38;5;3m +0ms[39m
2025-09-09T16:15:27: [32m[Nest] 48357  - [39m09/09/2025, 16:15:27 [32m    LOG[39m [38;5;3m[RouterExplorer] [39m[32mMapped {/api/blog/:id/upload-image, POST} route[39m[38;5;3m +1ms[39m
2025-09-09T16:15:27: [32m[Nest] 48357  - [39m09/09/2025, 16:15:27 [32m    LOG[39m [38;5;3m[RouterExplorer] [39m[32mMapped {/api/blog/:id/delete-image, DELETE} route[39m[38;5;3m +3ms[39m
2025-09-09T16:15:27: [32m[Nest] 48357  - [39m09/09/2025, 16:15:27 [32m    LOG[39m [38;5;3m[RouterExplorer] [39m[32mMapped {/api/blog/:id/increment-view, POST} route[39m[38;5;3m +1ms[39m
2025-09-09T16:15:27: [32m[Nest] 48357  - [39m09/09/2025, 16:15:27 [32m    LOG[39m [38;5;3m[RouterExplorer] [39m[32mMapped {/api/blog/:id/increment-like, POST} route[39m[38;5;3m +1ms[39m
2025-09-09T16:15:27: [32m[Nest] 48357  - [39m09/09/2025, 16:15:27 [32m    LOG[39m [38;5;3m[RoutesResolver] [39m[32mLocationsController {/api/locations}:[39m[38;5;3m +0ms[39m
2025-09-09T16:15:27: [32m[Nest] 48357  - [39m09/09/2025, 16:15:27 [32m    LOG[39m [38;5;3m[RouterExplorer] [39m[32mMapped {/api/locations/wilayas, GET} route[39m[38;5;3m +1ms[39m
2025-09-09T16:15:27: [32m[Nest] 48357  - [39m09/09/2025, 16:15:27 [32m    LOG[39m [38;5;3m[RouterExplorer] [39m[32mMapped {/api/locations/wilayas/:wilaya/dairas, GET} route[39m[38;5;3m +0ms[39m
2025-09-09T16:15:27: [32m[Nest] 48357  - [39m09/09/2025, 16:15:27 [32m    LOG[39m [38;5;3m[RouterExplorer] [39m[32mMapped {/api/locations/wilaya-dairas, GET} route[39m[38;5;3m +2ms[39m
2025-09-09T16:15:27: [32m[Nest] 48357  - [39m09/09/2025, 16:15:27 [32m    LOG[39m [38;5;3m[RoutesResolver] [39m[32mAnalyticsController {/api/analytics}:[39m[38;5;3m +0ms[39m
2025-09-09T16:15:27: [32m[Nest] 48357  - [39m09/09/2025, 16:15:27 [32m    LOG[39m [38;5;3m[RouterExplorer] [39m[32mMapped {/api/analytics/visit, POST} route[39m[38;5;3m +1ms[39m
2025-09-09T16:15:27: [32m[Nest] 48357  - [39m09/09/2025, 16:15:27 [32m    LOG[39m [38;5;3m[RouterExplorer] [39m[32mMapped {/api/analytics/top-viewed, GET} route[39m[38;5;3m +2ms[39m
2025-09-09T16:15:27: [32m[Nest] 48357  - [39m09/09/2025, 16:15:27 [32m    LOG[39m [38;5;3m[RouterExplorer] [39m[32mMapped {/api/analytics/longest-stayed, GET} route[39m[38;5;3m +0ms[39m
2025-09-09T16:15:27: [32m[Nest] 48357  - [39m09/09/2025, 16:15:27 [32m    LOG[39m [38;5;3m[RouterExplorer] [39m[32mMapped {/api/analytics/top-locations, GET} route[39m[38;5;3m +1ms[39m
2025-09-09T16:15:27: [32m[Nest] 48357  - [39m09/09/2025, 16:15:27 [32m    LOG[39m [38;5;3m[NestApplication] [39m[32mNest application successfully started[39m[38;5;3m +6ms[39m
2025-09-09T16:15:27: Application is running on: http://localhost:3003
2025-09-09T16:15:27: Swagger documentation is available at: http://localhost:3003/docs
2025-11-10T15:09:02: Error: Cannot find module './app.module'
2025-11-10T15:09:02: Require stack:
2025-11-10T15:09:02: - /var/www/mansour/data/www/visiteapihub.duckdns.org/dist/main.js
2025-11-10T15:09:02:     at Function.Module._resolveFilename (node:internal/modules/cjs/loader:1140:15)
2025-11-10T15:09:02:     at Module.Hook._require.Module.require (/usr/local/lib/node_modules/pm2/node_modules/require-in-the-middle/index.js:81:25)
2025-11-10T15:09:02:     at require (node:internal/modules/helpers:177:18)
2025-11-10T15:09:02:     at Object.<anonymous> (/var/www/mansour/data/www/visiteapihub.duckdns.org/src/main.ts:10:1)
2025-11-10T15:09:02:     at Module._compile (node:internal/modules/cjs/loader:1364:14)
2025-11-10T15:09:02:     at Object.Module._extensions..js (node:internal/modules/cjs/loader:1422:10)
2025-11-10T15:09:02:     at Module.load (node:internal/modules/cjs/loader:1203:32)
2025-11-10T15:09:02:     at Function.Module._load (node:internal/modules/cjs/loader:1019:12)
2025-11-10T15:09:02:     at Object.<anonymous> (/usr/local/lib/node_modules/pm2/lib/ProcessContainerFork.js:33:23)
2025-11-10T15:09:02:     at Module._compile (node:internal/modules/cjs/loader:1364:14) {
2025-11-10T15:09:02:   code: 'MODULE_NOT_FOUND',
2025-11-10T15:09:02:   requireStack: [ '/var/www/mansour/data/www/visiteapihub.duckdns.org/dist/main.js' ]
2025-11-10T15:09:02: }
2025-11-10T15:09:03: Error: Cannot find module './app.module'
2025-11-10T15:09:03: Require stack:
2025-11-10T15:09:03: - /var/www/mansour/data/www/visiteapihub.duckdns.org/dist/main.js
2025-11-10T15:09:03:     at Function.Module._resolveFilename (node:internal/modules/cjs/loader:1140:15)
2025-11-10T15:09:03:     at Module.Hook._require.Module.require (/usr/local/lib/node_modules/pm2/node_modules/require-in-the-middle/index.js:81:25)
2025-11-10T15:09:03:     at require (node:internal/modules/helpers:177:18)
2025-11-10T15:09:03:     at Object.<anonymous> (/var/www/mansour/data/www/visiteapihub.duckdns.org/src/main.ts:10:1)
2025-11-10T15:09:03:     at Module._compile (node:internal/modules/cjs/loader:1364:14)
2025-11-10T15:09:03:     at Object.Module._extensions..js (node:internal/modules/cjs/loader:1422:10)
2025-11-10T15:09:03:     at Module.load (node:internal/modules/cjs/loader:1203:32)
2025-11-10T15:09:03:     at Function.Module._load (node:internal/modules/cjs/loader:1019:12)
2025-11-10T15:09:03:     at Object.<anonymous> (/usr/local/lib/node_modules/pm2/lib/ProcessContainerFork.js:33:23)
2025-11-10T15:09:03:     at Module._compile (node:internal/modules/cjs/loader:1364:14) {
2025-11-10T15:09:03:   code: 'MODULE_NOT_FOUND',
2025-11-10T15:09:03:   requireStack: [ '/var/www/mansour/data/www/visiteapihub.duckdns.org/dist/main.js' ]
2025-11-10T15:09:03: }
2025-11-10T15:09:04: Error: Cannot find module './app.module'
2025-11-10T15:09:04: Require stack:
2025-11-10T15:09:04: - /var/www/mansour/data/www/visiteapihub.duckdns.org/dist/main.js
2025-11-10T15:09:04:     at Function.Module._resolveFilename (node:internal/modules/cjs/loader:1140:15)
2025-11-10T15:09:04:     at Module.Hook._require.Module.require (/usr/local/lib/node_modules/pm2/node_modules/require-in-the-middle/index.js:81:25)
2025-11-10T15:09:04:     at require (node:internal/modules/helpers:177:18)
2025-11-10T15:09:04:     at Object.<anonymous> (/var/www/mansour/data/www/visiteapihub.duckdns.org/src/main.ts:10:1)
2025-11-10T15:09:04:     at Module._compile (node:internal/modules/cjs/loader:1364:14)
2025-11-10T15:09:04:     at Object.Module._extensions..js (node:internal/modules/cjs/loader:1422:10)
2025-11-10T15:09:04:     at Module.load (node:internal/modules/cjs/loader:1203:32)
2025-11-10T15:09:04:     at Function.Module._load (node:internal/modules/cjs/loader:1019:12)
2025-11-10T15:09:04:     at Object.<anonymous> (/usr/local/lib/node_modules/pm2/lib/ProcessContainerFork.js:33:23)
2025-11-10T15:09:04:     at Module._compile (node:internal/modules/cjs/loader:1364:14) {
2025-11-10T15:09:04:   code: 'MODULE_NOT_FOUND',
2025-11-10T15:09:04:   requireStack: [ '/var/www/mansour/data/www/visiteapihub.duckdns.org/dist/main.js' ]
2025-11-10T15:09:04: }
2025-11-10T15:09:05: Error: Cannot find module './app.module'
2025-11-10T15:09:05: Require stack:
2025-11-10T15:09:05: - /var/www/mansour/data/www/visiteapihub.duckdns.org/dist/main.js
2025-11-10T15:09:05:     at Function.Module._resolveFilename (node:internal/modules/cjs/loader:1140:15)
2025-11-10T15:09:05:     at Module.Hook._require.Module.require (/usr/local/lib/node_modules/pm2/node_modules/require-in-the-middle/index.js:81:25)
2025-11-10T15:09:05:     at require (node:internal/modules/helpers:177:18)
2025-11-10T15:09:05:     at Object.<anonymous> (/var/www/mansour/data/www/visiteapihub.duckdns.org/src/main.ts:10:1)
2025-11-10T15:09:05:     at Module._compile (node:internal/modules/cjs/loader:1364:14)
2025-11-10T15:09:05:     at Object.Module._extensions..js (node:internal/modules/cjs/loader:1422:10)
2025-11-10T15:09:05:     at Module.load (node:internal/modules/cjs/loader:1203:32)
2025-11-10T15:09:05:     at Function.Module._load (node:internal/modules/cjs/loader:1019:12)
2025-11-10T15:09:05:     at Object.<anonymous> (/usr/local/lib/node_modules/pm2/lib/ProcessContainerFork.js:33:23)
2025-11-10T15:09:05:     at Module._compile (node:internal/modules/cjs/loader:1364:14) {
2025-11-10T15:09:05:   code: 'MODULE_NOT_FOUND',
2025-11-10T15:09:05:   requireStack: [ '/var/www/mansour/data/www/visiteapihub.duckdns.org/dist/main.js' ]
2025-11-10T15:09:05: }
2025-11-10T15:09:05: Error: Cannot find module './app.module'
2025-11-10T15:09:05: Require stack:
2025-11-10T15:09:05: - /var/www/mansour/data/www/visiteapihub.duckdns.org/dist/main.js
2025-11-10T15:09:05:     at Function.Module._resolveFilename (node:internal/modules/cjs/loader:1140:15)
2025-11-10T15:09:05:     at Module.Hook._require.Module.require (/usr/local/lib/node_modules/pm2/node_modules/require-in-the-middle/index.js:81:25)
2025-11-10T15:09:05:     at require (node:internal/modules/helpers:177:18)
2025-11-10T15:09:05:     at Object.<anonymous> (/var/www/mansour/data/www/visiteapihub.duckdns.org/src/main.ts:10:1)
2025-11-10T15:09:05:     at Module._compile (node:internal/modules/cjs/loader:1364:14)
2025-11-10T15:09:05:     at Object.Module._extensions..js (node:internal/modules/cjs/loader:1422:10)
2025-11-10T15:09:05:     at Module.load (node:internal/modules/cjs/loader:1203:32)
2025-11-10T15:09:05:     at Function.Module._load (node:internal/modules/cjs/loader:1019:12)
2025-11-10T15:09:05:     at Object.<anonymous> (/usr/local/lib/node_modules/pm2/lib/ProcessContainerFork.js:33:23)
2025-11-10T15:09:05:     at Module._compile (node:internal/modules/cjs/loader:1364:14) {
2025-11-10T15:09:05:   code: 'MODULE_NOT_FOUND',
2025-11-10T15:09:05:   requireStack: [ '/var/www/mansour/data/www/visiteapihub.duckdns.org/dist/main.js' ]
2025-11-10T15:09:05: }
2025-11-10T15:09:06: Error: Cannot find module './app.module'
2025-11-10T15:09:06: Require stack:
2025-11-10T15:09:06: - /var/www/mansour/data/www/visiteapihub.duckdns.org/dist/main.js
2025-11-10T15:09:06:     at Function.Module._resolveFilename (node:internal/modules/cjs/loader:1140:15)
2025-11-10T15:09:06:     at Module.Hook._require.Module.require (/usr/local/lib/node_modules/pm2/node_modules/require-in-the-middle/index.js:81:25)
2025-11-10T15:09:06:     at require (node:internal/modules/helpers:177:18)
2025-11-10T15:09:06:     at Object.<anonymous> (/var/www/mansour/data/www/visiteapihub.duckdns.org/src/main.ts:10:1)
2025-11-10T15:09:06:     at Module._compile (node:internal/modules/cjs/loader:1364:14)
2025-11-10T15:09:06:     at Object.Module._extensions..js (node:internal/modules/cjs/loader:1422:10)
2025-11-10T15:09:06:     at Module.load (node:internal/modules/cjs/loader:1203:32)
2025-11-10T15:09:06:     at Function.Module._load (node:internal/modules/cjs/loader:1019:12)
2025-11-10T15:09:06:     at Object.<anonymous> (/usr/local/lib/node_modules/pm2/lib/ProcessContainerFork.js:33:23)
2025-11-10T15:09:06:     at Module._compile (node:internal/modules/cjs/loader:1364:14) {
2025-11-10T15:09:06:   code: 'MODULE_NOT_FOUND',
2025-11-10T15:09:06:   requireStack: [ '/var/www/mansour/data/www/visiteapihub.duckdns.org/dist/main.js' ]
2025-11-10T15:09:06: }
2025-11-10T15:09:07: Error: Cannot find module './app.module'
2025-11-10T15:09:07: Require stack:
2025-11-10T15:09:07: - /var/www/mansour/data/www/visiteapihub.duckdns.org/dist/main.js
2025-11-10T15:09:07:     at Function.Module._resolveFilename (node:internal/modules/cjs/loader:1140:15)
2025-11-10T15:09:07:     at Module.Hook._require.Module.require (/usr/local/lib/node_modules/pm2/node_modules/require-in-the-middle/index.js:81:25)
2025-11-10T15:09:07:     at require (node:internal/modules/helpers:177:18)
2025-11-10T15:09:07:     at Object.<anonymous> (/var/www/mansour/data/www/visiteapihub.duckdns.org/src/main.ts:10:1)
2025-11-10T15:09:07:     at Module._compile (node:internal/modules/cjs/loader:1364:14)
2025-11-10T15:09:07:     at Object.Module._extensions..js (node:internal/modules/cjs/loader:1422:10)
2025-11-10T15:09:07:     at Module.load (node:internal/modules/cjs/loader:1203:32)
2025-11-10T15:09:07:     at Function.Module._load (node:internal/modules/cjs/loader:1019:12)
2025-11-10T15:09:07:     at Object.<anonymous> (/usr/local/lib/node_modules/pm2/lib/ProcessContainerFork.js:33:23)
2025-11-10T15:09:07:     at Module._compile (node:internal/modules/cjs/loader:1364:14) {
2025-11-10T15:09:07:   code: 'MODULE_NOT_FOUND',
2025-11-10T15:09:07:   requireStack: [ '/var/www/mansour/data/www/visiteapihub.duckdns.org/dist/main.js' ]
2025-11-10T15:09:07: }
2025-11-10T15:09:08: Error: Cannot find module './app.module'
2025-11-10T15:09:08: Require stack:
2025-11-10T15:09:08: - /var/www/mansour/data/www/visiteapihub.duckdns.org/dist/main.js
2025-11-10T15:09:08:     at Function.Module._resolveFilename (node:internal/modules/cjs/loader:1140:15)
2025-11-10T15:09:08:     at Module.Hook._require.Module.require (/usr/local/lib/node_modules/pm2/node_modules/require-in-the-middle/index.js:81:25)
2025-11-10T15:09:08:     at require (node:internal/modules/helpers:177:18)
2025-11-10T15:09:08:     at Object.<anonymous> (/var/www/mansour/data/www/visiteapihub.duckdns.org/src/main.ts:10:1)
2025-11-10T15:09:08:     at Module._compile (node:internal/modules/cjs/loader:1364:14)
2025-11-10T15:09:08:     at Object.Module._extensions..js (node:internal/modules/cjs/loader:1422:10)
2025-11-10T15:09:08:     at Module.load (node:internal/modules/cjs/loader:1203:32)
2025-11-10T15:09:08:     at Function.Module._load (node:internal/modules/cjs/loader:1019:12)
2025-11-10T15:09:08:     at Object.<anonymous> (/usr/local/lib/node_modules/pm2/lib/ProcessContainerFork.js:33:23)
2025-11-10T15:09:08:     at Module._compile (node:internal/modules/cjs/loader:1364:14) {
2025-11-10T15:09:08:   code: 'MODULE_NOT_FOUND',
2025-11-10T15:09:08:   requireStack: [ '/var/www/mansour/data/www/visiteapihub.duckdns.org/dist/main.js' ]
2025-11-10T15:09:08: }
2025-11-10T15:09:09: Error: Cannot find module './app.module'
2025-11-10T15:09:09: Require stack:
2025-11-10T15:09:09: - /var/www/mansour/data/www/visiteapihub.duckdns.org/dist/main.js
2025-11-10T15:09:09:     at Function.Module._resolveFilename (node:internal/modules/cjs/loader:1140:15)
2025-11-10T15:09:09:     at Module.Hook._require.Module.require (/usr/local/lib/node_modules/pm2/node_modules/require-in-the-middle/index.js:81:25)
2025-11-10T15:09:09:     at require (node:internal/modules/helpers:177:18)
2025-11-10T15:09:09:     at Object.<anonymous> (/var/www/mansour/data/www/visiteapihub.duckdns.org/src/main.ts:10:1)
2025-11-10T15:09:09:     at Module._compile (node:internal/modules/cjs/loader:1364:14)
2025-11-10T15:09:09:     at Object.Module._extensions..js (node:internal/modules/cjs/loader:1422:10)
2025-11-10T15:09:09:     at Module.load (node:internal/modules/cjs/loader:1203:32)
2025-11-10T15:09:09:     at Function.Module._load (node:internal/modules/cjs/loader:1019:12)
2025-11-10T15:09:09:     at Object.<anonymous> (/usr/local/lib/node_modules/pm2/lib/ProcessContainerFork.js:33:23)
2025-11-10T15:09:09:     at Module._compile (node:internal/modules/cjs/loader:1364:14) {
2025-11-10T15:09:09:   code: 'MODULE_NOT_FOUND',
2025-11-10T15:09:09:   requireStack: [ '/var/www/mansour/data/www/visiteapihub.duckdns.org/dist/main.js' ]
2025-11-10T15:09:09: }
2025-11-10T15:09:10: Error: Cannot find module './app.module'
2025-11-10T15:09:10: Require stack:
2025-11-10T15:09:10: - /var/www/mansour/data/www/visiteapihub.duckdns.org/dist/main.js
2025-11-10T15:09:10:     at Function.Module._resolveFilename (node:internal/modules/cjs/loader:1140:15)
2025-11-10T15:09:10:     at Module.Hook._require.Module.require (/usr/local/lib/node_modules/pm2/node_modules/require-in-the-middle/index.js:81:25)
2025-11-10T15:09:10:     at require (node:internal/modules/helpers:177:18)
2025-11-10T15:09:10:     at Object.<anonymous> (/var/www/mansour/data/www/visiteapihub.duckdns.org/src/main.ts:10:1)
2025-11-10T15:09:10:     at Module._compile (node:internal/modules/cjs/loader:1364:14)
2025-11-10T15:09:10:     at Object.Module._extensions..js (node:internal/modules/cjs/loader:1422:10)
2025-11-10T15:09:10:     at Module.load (node:internal/modules/cjs/loader:1203:32)
2025-11-10T15:09:10:     at Function.Module._load (node:internal/modules/cjs/loader:1019:12)
2025-11-10T15:09:10:     at Object.<anonymous> (/usr/local/lib/node_modules/pm2/lib/ProcessContainerFork.js:33:23)
2025-11-10T15:09:10:     at Module._compile (node:internal/modules/cjs/loader:1364:14) {
2025-11-10T15:09:10:   code: 'MODULE_NOT_FOUND',
2025-11-10T15:09:10:   requireStack: [ '/var/www/mansour/data/www/visiteapihub.duckdns.org/dist/main.js' ]
2025-11-10T15:09:10: }
2025-11-10T15:09:11: Error: Cannot find module './app.module'
2025-11-10T15:09:11: Require stack:
2025-11-10T15:09:11: - /var/www/mansour/data/www/visiteapihub.duckdns.org/dist/main.js
2025-11-10T15:09:11:     at Function.Module._resolveFilename (node:internal/modules/cjs/loader:1140:15)
2025-11-10T15:09:11:     at Module.Hook._require.Module.require (/usr/local/lib/node_modules/pm2/node_modules/require-in-the-middle/index.js:81:25)
2025-11-10T15:09:11:     at require (node:internal/modules/helpers:177:18)
2025-11-10T15:09:11:     at Object.<anonymous> (/var/www/mansour/data/www/visiteapihub.duckdns.org/src/main.ts:10:1)
2025-11-10T15:09:11:     at Module._compile (node:internal/modules/cjs/loader:1364:14)
2025-11-10T15:09:11:     at Object.Module._extensions..js (node:internal/modules/cjs/loader:1422:10)
2025-11-10T15:09:11:     at Module.load (node:internal/modules/cjs/loader:1203:32)
2025-11-10T15:09:11:     at Function.Module._load (node:internal/modules/cjs/loader:1019:12)
2025-11-10T15:09:11:     at Object.<anonymous> (/usr/local/lib/node_modules/pm2/lib/ProcessContainerFork.js:33:23)
2025-11-10T15:09:11:     at Module._compile (node:internal/modules/cjs/loader:1364:14) {
2025-11-10T15:09:11:   code: 'MODULE_NOT_FOUND',
2025-11-10T15:09:11:   requireStack: [ '/var/www/mansour/data/www/visiteapihub.duckdns.org/dist/main.js' ]
2025-11-10T15:09:11: }
2025-11-10T15:09:12: Error: Cannot find module './app.module'
2025-11-10T15:09:12: Require stack:
2025-11-10T15:09:12: - /var/www/mansour/data/www/visiteapihub.duckdns.org/dist/main.js
2025-11-10T15:09:12:     at Function.Module._resolveFilename (node:internal/modules/cjs/loader:1140:15)
2025-11-10T15:09:12:     at Module.Hook._require.Module.require (/usr/local/lib/node_modules/pm2/node_modules/require-in-the-middle/index.js:81:25)
2025-11-10T15:09:12:     at require (node:internal/modules/helpers:177:18)
2025-11-10T15:09:12:     at Object.<anonymous> (/var/www/mansour/data/www/visiteapihub.duckdns.org/src/main.ts:10:1)
2025-11-10T15:09:12:     at Module._compile (node:internal/modules/cjs/loader:1364:14)
2025-11-10T15:09:12:     at Object.Module._extensions..js (node:internal/modules/cjs/loader:1422:10)
2025-11-10T15:09:12:     at Module.load (node:internal/modules/cjs/loader:1203:32)
2025-11-10T15:09:12:     at Function.Module._load (node:internal/modules/cjs/loader:1019:12)
2025-11-10T15:09:12:     at Object.<anonymous> (/usr/local/lib/node_modules/pm2/lib/ProcessContainerFork.js:33:23)
2025-11-10T15:09:12:     at Module._compile (node:internal/modules/cjs/loader:1364:14) {
2025-11-10T15:09:12:   code: 'MODULE_NOT_FOUND',
2025-11-10T15:09:12:   requireStack: [ '/var/www/mansour/data/www/visiteapihub.duckdns.org/dist/main.js' ]
2025-11-10T15:09:12: }
2025-11-10T15:09:12: Error: Cannot find module './app.module'
2025-11-10T15:09:12: Require stack:
2025-11-10T15:09:12: - /var/www/mansour/data/www/visiteapihub.duckdns.org/dist/main.js
2025-11-10T15:09:12:     at Function.Module._resolveFilename (node:internal/modules/cjs/loader:1140:15)
2025-11-10T15:09:12:     at Module.Hook._require.Module.require (/usr/local/lib/node_modules/pm2/node_modules/require-in-the-middle/index.js:81:25)
2025-11-10T15:09:12:     at require (node:internal/modules/helpers:177:18)
2025-11-10T15:09:12:     at Object.<anonymous> (/var/www/mansour/data/www/visiteapihub.duckdns.org/src/main.ts:10:1)
2025-11-10T15:09:12:     at Module._compile (node:internal/modules/cjs/loader:1364:14)
2025-11-10T15:09:12:     at Object.Module._extensions..js (node:internal/modules/cjs/loader:1422:10)
2025-11-10T15:09:12:     at Module.load (node:internal/modules/cjs/loader:1203:32)
2025-11-10T15:09:12:     at Function.Module._load (node:internal/modules/cjs/loader:1019:12)
2025-11-10T15:09:12:     at Object.<anonymous> (/usr/local/lib/node_modules/pm2/lib/ProcessContainerFork.js:33:23)
2025-11-10T15:09:12:     at Module._compile (node:internal/modules/cjs/loader:1364:14) {
2025-11-10T15:09:12:   code: 'MODULE_NOT_FOUND',
2025-11-10T15:09:12:   requireStack: [ '/var/www/mansour/data/www/visiteapihub.duckdns.org/dist/main.js' ]
2025-11-10T15:09:12: }
2025-11-10T15:09:13: Error: Cannot find module './app.module'
2025-11-10T15:09:13: Require stack:
2025-11-10T15:09:13: - /var/www/mansour/data/www/visiteapihub.duckdns.org/dist/main.js
2025-11-10T15:09:13:     at Function.Module._resolveFilename (node:internal/modules/cjs/loader:1140:15)
2025-11-10T15:09:13:     at Module.Hook._require.Module.require (/usr/local/lib/node_modules/pm2/node_modules/require-in-the-middle/index.js:81:25)
2025-11-10T15:09:13:     at require (node:internal/modules/helpers:177:18)
2025-11-10T15:09:13:     at Object.<anonymous> (/var/www/mansour/data/www/visiteapihub.duckdns.org/src/main.ts:10:1)
2025-11-10T15:09:13:     at Module._compile (node:internal/modules/cjs/loader:1364:14)
2025-11-10T15:09:13:     at Object.Module._extensions..js (node:internal/modules/cjs/loader:1422:10)
2025-11-10T15:09:13:     at Module.load (node:internal/modules/cjs/loader:1203:32)
2025-11-10T15:09:13:     at Function.Module._load (node:internal/modules/cjs/loader:1019:12)
2025-11-10T15:09:13:     at Object.<anonymous> (/usr/local/lib/node_modules/pm2/lib/ProcessContainerFork.js:33:23)
2025-11-10T15:09:13:     at Module._compile (node:internal/modules/cjs/loader:1364:14) {
2025-11-10T15:09:13:   code: 'MODULE_NOT_FOUND',
2025-11-10T15:09:13:   requireStack: [ '/var/www/mansour/data/www/visiteapihub.duckdns.org/dist/main.js' ]
2025-11-10T15:09:13: }
2025-11-10T15:09:14: Error: Cannot find module './app.module'
2025-11-10T15:09:14: Require stack:
2025-11-10T15:09:14: - /var/www/mansour/data/www/visiteapihub.duckdns.org/dist/main.js
2025-11-10T15:09:14:     at Function.Module._resolveFilename (node:internal/modules/cjs/loader:1140:15)
2025-11-10T15:09:14:     at Module.Hook._require.Module.require (/usr/local/lib/node_modules/pm2/node_modules/require-in-the-middle/index.js:81:25)
2025-11-10T15:09:14:     at require (node:internal/modules/helpers:177:18)
2025-11-10T15:09:14:     at Object.<anonymous> (/var/www/mansour/data/www/visiteapihub.duckdns.org/src/main.ts:10:1)
2025-11-10T15:09:14:     at Module._compile (node:internal/modules/cjs/loader:1364:14)
2025-11-10T15:09:14:     at Object.Module._extensions..js (node:internal/modules/cjs/loader:1422:10)
2025-11-10T15:09:14:     at Module.load (node:internal/modules/cjs/loader:1203:32)
2025-11-10T15:09:14:     at Function.Module._load (node:internal/modules/cjs/loader:1019:12)
2025-11-10T15:09:14:     at Object.<anonymous> (/usr/local/lib/node_modules/pm2/lib/ProcessContainerFork.js:33:23)
2025-11-10T15:09:14:     at Module._compile (node:internal/modules/cjs/loader:1364:14) {
2025-11-10T15:09:14:   code: 'MODULE_NOT_FOUND',
2025-11-10T15:09:14:   requireStack: [ '/var/www/mansour/data/www/visiteapihub.duckdns.org/dist/main.js' ]
2025-11-10T15:09:14: }
2025-11-10T15:09:15: Error: Cannot find module './app.module'
2025-11-10T15:09:15: Require stack:
2025-11-10T15:09:15: - /var/www/mansour/data/www/visiteapihub.duckdns.org/dist/main.js
2025-11-10T15:09:15:     at Function.Module._resolveFilename (node:internal/modules/cjs/loader:1140:15)
2025-11-10T15:09:15:     at Module.Hook._require.Module.require (/usr/local/lib/node_modules/pm2/node_modules/require-in-the-middle/index.js:81:25)
2025-11-10T15:09:15:     at require (node:internal/modules/helpers:177:18)
2025-11-10T15:09:15:     at Object.<anonymous> (/var/www/mansour/data/www/visiteapihub.duckdns.org/src/main.ts:10:1)
2025-11-10T15:09:15:     at Module._compile (node:internal/modules/cjs/loader:1364:14)
2025-11-10T15:09:15:     at Object.Module._extensions..js (node:internal/modules/cjs/loader:1422:10)
2025-11-10T15:09:15:     at Module.load (node:internal/modules/cjs/loader:1203:32)
2025-11-10T15:09:15:     at Function.Module._load (node:internal/modules/cjs/loader:1019:12)
2025-11-10T15:09:15:     at Object.<anonymous> (/usr/local/lib/node_modules/pm2/lib/ProcessContainerFork.js:33:23)
2025-11-10T15:09:15:     at Module._compile (node:internal/modules/cjs/loader:1364:14) {
2025-11-10T15:09:15:   code: 'MODULE_NOT_FOUND',
2025-11-10T15:09:15:   requireStack: [ '/var/www/mansour/data/www/visiteapihub.duckdns.org/dist/main.js' ]
2025-11-10T15:09:15: }
2025-11-10T15:09:16: Error: Cannot find module './app.module'
2025-11-10T15:09:16: Require stack:
2025-11-10T15:09:16: - /var/www/mansour/data/www/visiteapihub.duckdns.org/dist/main.js
2025-11-10T15:09:16:     at Function.Module._resolveFilename (node:internal/modules/cjs/loader:1140:15)
2025-11-10T15:09:16:     at Module.Hook._require.Module.require (/usr/local/lib/node_modules/pm2/node_modules/require-in-the-middle/index.js:81:25)
2025-11-10T15:09:16:     at require (node:internal/modules/helpers:177:18)
2025-11-10T15:09:16:     at Object.<anonymous> (/var/www/mansour/data/www/visiteapihub.duckdns.org/src/main.ts:10:1)
2025-11-10T15:09:16:     at Module._compile (node:internal/modules/cjs/loader:1364:14)
2025-11-10T15:09:16:     at Object.Module._extensions..js (node:internal/modules/cjs/loader:1422:10)
2025-11-10T15:09:16:     at Module.load (node:internal/modules/cjs/loader:1203:32)
2025-11-10T15:09:16:     at Function.Module._load (node:internal/modules/cjs/loader:1019:12)
2025-11-10T15:09:16:     at Object.<anonymous> (/usr/local/lib/node_modules/pm2/lib/ProcessContainerFork.js:33:23)
2025-11-10T15:09:16:     at Module._compile (node:internal/modules/cjs/loader:1364:14) {
2025-11-10T15:09:16:   code: 'MODULE_NOT_FOUND',
2025-11-10T15:09:16:   requireStack: [ '/var/www/mansour/data/www/visiteapihub.duckdns.org/dist/main.js' ]
2025-11-10T15:09:16: }
