2025-11-10T15:09:02: Error: Cannot find module './app.module'
2025-11-10T15:09:02: Require stack:
2025-11-10T15:09:02: - /var/www/mansour/data/www/visiteapihub.duckdns.org/dist/main.js
2025-11-10T15:09:02:     at Function.Module._resolveFilename (node:internal/modules/cjs/loader:1140:15)
2025-11-10T15:09:02:     at Module.Hook._require.Module.require (/usr/local/lib/node_modules/pm2/node_modules/require-in-the-middle/index.js:81:25)
2025-11-10T15:09:02:     at require (node:internal/modules/helpers:177:18)
2025-11-10T15:09:02:     at Object.<anonymous> (/var/www/mansour/data/www/visiteapihub.duckdns.org/src/main.ts:10:1)
2025-11-10T15:09:02:     at Module._compile (node:internal/modules/cjs/loader:1364:14)
2025-11-10T15:09:02:     at Object.Module._extensions..js (node:internal/modules/cjs/loader:1422:10)
2025-11-10T15:09:02:     at Module.load (node:internal/modules/cjs/loader:1203:32)
2025-11-10T15:09:02:     at Function.Module._load (node:internal/modules/cjs/loader:1019:12)
2025-11-10T15:09:02:     at Object.<anonymous> (/usr/local/lib/node_modules/pm2/lib/ProcessContainerFork.js:33:23)
2025-11-10T15:09:02:     at Module._compile (node:internal/modules/cjs/loader:1364:14) {
2025-11-10T15:09:02:   code: 'MODULE_NOT_FOUND',
2025-11-10T15:09:02:   requireStack: [ '/var/www/mansour/data/www/visiteapihub.duckdns.org/dist/main.js' ]
2025-11-10T15:09:02: }
2025-11-10T15:09:03: Error: Cannot find module './app.module'
2025-11-10T15:09:03: Require stack:
2025-11-10T15:09:03: - /var/www/mansour/data/www/visiteapihub.duckdns.org/dist/main.js
2025-11-10T15:09:03:     at Function.Module._resolveFilename (node:internal/modules/cjs/loader:1140:15)
2025-11-10T15:09:03:     at Module.Hook._require.Module.require (/usr/local/lib/node_modules/pm2/node_modules/require-in-the-middle/index.js:81:25)
2025-11-10T15:09:03:     at require (node:internal/modules/helpers:177:18)
2025-11-10T15:09:03:     at Object.<anonymous> (/var/www/mansour/data/www/visiteapihub.duckdns.org/src/main.ts:10:1)
2025-11-10T15:09:03:     at Module._compile (node:internal/modules/cjs/loader:1364:14)
2025-11-10T15:09:03:     at Object.Module._extensions..js (node:internal/modules/cjs/loader:1422:10)
2025-11-10T15:09:03:     at Module.load (node:internal/modules/cjs/loader:1203:32)
2025-11-10T15:09:03:     at Function.Module._load (node:internal/modules/cjs/loader:1019:12)
2025-11-10T15:09:03:     at Object.<anonymous> (/usr/local/lib/node_modules/pm2/lib/ProcessContainerFork.js:33:23)
2025-11-10T15:09:03:     at Module._compile (node:internal/modules/cjs/loader:1364:14) {
2025-11-10T15:09:03:   code: 'MODULE_NOT_FOUND',
2025-11-10T15:09:03:   requireStack: [ '/var/www/mansour/data/www/visiteapihub.duckdns.org/dist/main.js' ]
2025-11-10T15:09:03: }
2025-11-10T15:09:04: Error: Cannot find module './app.module'
2025-11-10T15:09:04: Require stack:
2025-11-10T15:09:04: - /var/www/mansour/data/www/visiteapihub.duckdns.org/dist/main.js
2025-11-10T15:09:04:     at Function.Module._resolveFilename (node:internal/modules/cjs/loader:1140:15)
2025-11-10T15:09:04:     at Module.Hook._require.Module.require (/usr/local/lib/node_modules/pm2/node_modules/require-in-the-middle/index.js:81:25)
2025-11-10T15:09:04:     at require (node:internal/modules/helpers:177:18)
2025-11-10T15:09:04:     at Object.<anonymous> (/var/www/mansour/data/www/visiteapihub.duckdns.org/src/main.ts:10:1)
2025-11-10T15:09:04:     at Module._compile (node:internal/modules/cjs/loader:1364:14)
2025-11-10T15:09:04:     at Object.Module._extensions..js (node:internal/modules/cjs/loader:1422:10)
2025-11-10T15:09:04:     at Module.load (node:internal/modules/cjs/loader:1203:32)
2025-11-10T15:09:04:     at Function.Module._load (node:internal/modules/cjs/loader:1019:12)
2025-11-10T15:09:04:     at Object.<anonymous> (/usr/local/lib/node_modules/pm2/lib/ProcessContainerFork.js:33:23)
2025-11-10T15:09:04:     at Module._compile (node:internal/modules/cjs/loader:1364:14) {
2025-11-10T15:09:04:   code: 'MODULE_NOT_FOUND',
2025-11-10T15:09:04:   requireStack: [ '/var/www/mansour/data/www/visiteapihub.duckdns.org/dist/main.js' ]
2025-11-10T15:09:04: }
2025-11-10T15:09:05: Error: Cannot find module './app.module'
2025-11-10T15:09:05: Require stack:
2025-11-10T15:09:05: - /var/www/mansour/data/www/visiteapihub.duckdns.org/dist/main.js
2025-11-10T15:09:05:     at Function.Module._resolveFilename (node:internal/modules/cjs/loader:1140:15)
2025-11-10T15:09:05:     at Module.Hook._require.Module.require (/usr/local/lib/node_modules/pm2/node_modules/require-in-the-middle/index.js:81:25)
2025-11-10T15:09:05:     at require (node:internal/modules/helpers:177:18)
2025-11-10T15:09:05:     at Object.<anonymous> (/var/www/mansour/data/www/visiteapihub.duckdns.org/src/main.ts:10:1)
2025-11-10T15:09:05:     at Module._compile (node:internal/modules/cjs/loader:1364:14)
2025-11-10T15:09:05:     at Object.Module._extensions..js (node:internal/modules/cjs/loader:1422:10)
2025-11-10T15:09:05:     at Module.load (node:internal/modules/cjs/loader:1203:32)
2025-11-10T15:09:05:     at Function.Module._load (node:internal/modules/cjs/loader:1019:12)
2025-11-10T15:09:05:     at Object.<anonymous> (/usr/local/lib/node_modules/pm2/lib/ProcessContainerFork.js:33:23)
2025-11-10T15:09:05:     at Module._compile (node:internal/modules/cjs/loader:1364:14) {
2025-11-10T15:09:05:   code: 'MODULE_NOT_FOUND',
2025-11-10T15:09:05:   requireStack: [ '/var/www/mansour/data/www/visiteapihub.duckdns.org/dist/main.js' ]
2025-11-10T15:09:05: }
2025-11-10T15:09:05: Error: Cannot find module './app.module'
2025-11-10T15:09:05: Require stack:
2025-11-10T15:09:05: - /var/www/mansour/data/www/visiteapihub.duckdns.org/dist/main.js
2025-11-10T15:09:05:     at Function.Module._resolveFilename (node:internal/modules/cjs/loader:1140:15)
2025-11-10T15:09:05:     at Module.Hook._require.Module.require (/usr/local/lib/node_modules/pm2/node_modules/require-in-the-middle/index.js:81:25)
2025-11-10T15:09:05:     at require (node:internal/modules/helpers:177:18)
2025-11-10T15:09:05:     at Object.<anonymous> (/var/www/mansour/data/www/visiteapihub.duckdns.org/src/main.ts:10:1)
2025-11-10T15:09:05:     at Module._compile (node:internal/modules/cjs/loader:1364:14)
2025-11-10T15:09:05:     at Object.Module._extensions..js (node:internal/modules/cjs/loader:1422:10)
2025-11-10T15:09:05:     at Module.load (node:internal/modules/cjs/loader:1203:32)
2025-11-10T15:09:05:     at Function.Module._load (node:internal/modules/cjs/loader:1019:12)
2025-11-10T15:09:05:     at Object.<anonymous> (/usr/local/lib/node_modules/pm2/lib/ProcessContainerFork.js:33:23)
2025-11-10T15:09:05:     at Module._compile (node:internal/modules/cjs/loader:1364:14) {
2025-11-10T15:09:05:   code: 'MODULE_NOT_FOUND',
2025-11-10T15:09:05:   requireStack: [ '/var/www/mansour/data/www/visiteapihub.duckdns.org/dist/main.js' ]
2025-11-10T15:09:05: }
2025-11-10T15:09:06: Error: Cannot find module './app.module'
2025-11-10T15:09:06: Require stack:
2025-11-10T15:09:06: - /var/www/mansour/data/www/visiteapihub.duckdns.org/dist/main.js
2025-11-10T15:09:06:     at Function.Module._resolveFilename (node:internal/modules/cjs/loader:1140:15)
2025-11-10T15:09:06:     at Module.Hook._require.Module.require (/usr/local/lib/node_modules/pm2/node_modules/require-in-the-middle/index.js:81:25)
2025-11-10T15:09:06:     at require (node:internal/modules/helpers:177:18)
2025-11-10T15:09:06:     at Object.<anonymous> (/var/www/mansour/data/www/visiteapihub.duckdns.org/src/main.ts:10:1)
2025-11-10T15:09:06:     at Module._compile (node:internal/modules/cjs/loader:1364:14)
2025-11-10T15:09:06:     at Object.Module._extensions..js (node:internal/modules/cjs/loader:1422:10)
2025-11-10T15:09:06:     at Module.load (node:internal/modules/cjs/loader:1203:32)
2025-11-10T15:09:06:     at Function.Module._load (node:internal/modules/cjs/loader:1019:12)
2025-11-10T15:09:06:     at Object.<anonymous> (/usr/local/lib/node_modules/pm2/lib/ProcessContainerFork.js:33:23)
2025-11-10T15:09:06:     at Module._compile (node:internal/modules/cjs/loader:1364:14) {
2025-11-10T15:09:06:   code: 'MODULE_NOT_FOUND',
2025-11-10T15:09:06:   requireStack: [ '/var/www/mansour/data/www/visiteapihub.duckdns.org/dist/main.js' ]
2025-11-10T15:09:06: }
2025-11-10T15:09:07: Error: Cannot find module './app.module'
2025-11-10T15:09:07: Require stack:
2025-11-10T15:09:07: - /var/www/mansour/data/www/visiteapihub.duckdns.org/dist/main.js
2025-11-10T15:09:07:     at Function.Module._resolveFilename (node:internal/modules/cjs/loader:1140:15)
2025-11-10T15:09:07:     at Module.Hook._require.Module.require (/usr/local/lib/node_modules/pm2/node_modules/require-in-the-middle/index.js:81:25)
2025-11-10T15:09:07:     at require (node:internal/modules/helpers:177:18)
2025-11-10T15:09:07:     at Object.<anonymous> (/var/www/mansour/data/www/visiteapihub.duckdns.org/src/main.ts:10:1)
2025-11-10T15:09:07:     at Module._compile (node:internal/modules/cjs/loader:1364:14)
2025-11-10T15:09:07:     at Object.Module._extensions..js (node:internal/modules/cjs/loader:1422:10)
2025-11-10T15:09:07:     at Module.load (node:internal/modules/cjs/loader:1203:32)
2025-11-10T15:09:07:     at Function.Module._load (node:internal/modules/cjs/loader:1019:12)
2025-11-10T15:09:07:     at Object.<anonymous> (/usr/local/lib/node_modules/pm2/lib/ProcessContainerFork.js:33:23)
2025-11-10T15:09:07:     at Module._compile (node:internal/modules/cjs/loader:1364:14) {
2025-11-10T15:09:07:   code: 'MODULE_NOT_FOUND',
2025-11-10T15:09:07:   requireStack: [ '/var/www/mansour/data/www/visiteapihub.duckdns.org/dist/main.js' ]
2025-11-10T15:09:07: }
2025-11-10T15:09:08: Error: Cannot find module './app.module'
2025-11-10T15:09:08: Require stack:
2025-11-10T15:09:08: - /var/www/mansour/data/www/visiteapihub.duckdns.org/dist/main.js
2025-11-10T15:09:08:     at Function.Module._resolveFilename (node:internal/modules/cjs/loader:1140:15)
2025-11-10T15:09:08:     at Module.Hook._require.Module.require (/usr/local/lib/node_modules/pm2/node_modules/require-in-the-middle/index.js:81:25)
2025-11-10T15:09:08:     at require (node:internal/modules/helpers:177:18)
2025-11-10T15:09:08:     at Object.<anonymous> (/var/www/mansour/data/www/visiteapihub.duckdns.org/src/main.ts:10:1)
2025-11-10T15:09:08:     at Module._compile (node:internal/modules/cjs/loader:1364:14)
2025-11-10T15:09:08:     at Object.Module._extensions..js (node:internal/modules/cjs/loader:1422:10)
2025-11-10T15:09:08:     at Module.load (node:internal/modules/cjs/loader:1203:32)
2025-11-10T15:09:08:     at Function.Module._load (node:internal/modules/cjs/loader:1019:12)
2025-11-10T15:09:08:     at Object.<anonymous> (/usr/local/lib/node_modules/pm2/lib/ProcessContainerFork.js:33:23)
2025-11-10T15:09:08:     at Module._compile (node:internal/modules/cjs/loader:1364:14) {
2025-11-10T15:09:08:   code: 'MODULE_NOT_FOUND',
2025-11-10T15:09:08:   requireStack: [ '/var/www/mansour/data/www/visiteapihub.duckdns.org/dist/main.js' ]
2025-11-10T15:09:08: }
2025-11-10T15:09:09: Error: Cannot find module './app.module'
2025-11-10T15:09:09: Require stack:
2025-11-10T15:09:09: - /var/www/mansour/data/www/visiteapihub.duckdns.org/dist/main.js
2025-11-10T15:09:09:     at Function.Module._resolveFilename (node:internal/modules/cjs/loader:1140:15)
2025-11-10T15:09:09:     at Module.Hook._require.Module.require (/usr/local/lib/node_modules/pm2/node_modules/require-in-the-middle/index.js:81:25)
2025-11-10T15:09:09:     at require (node:internal/modules/helpers:177:18)
2025-11-10T15:09:09:     at Object.<anonymous> (/var/www/mansour/data/www/visiteapihub.duckdns.org/src/main.ts:10:1)
2025-11-10T15:09:09:     at Module._compile (node:internal/modules/cjs/loader:1364:14)
2025-11-10T15:09:09:     at Object.Module._extensions..js (node:internal/modules/cjs/loader:1422:10)
2025-11-10T15:09:09:     at Module.load (node:internal/modules/cjs/loader:1203:32)
2025-11-10T15:09:09:     at Function.Module._load (node:internal/modules/cjs/loader:1019:12)
2025-11-10T15:09:09:     at Object.<anonymous> (/usr/local/lib/node_modules/pm2/lib/ProcessContainerFork.js:33:23)
2025-11-10T15:09:09:     at Module._compile (node:internal/modules/cjs/loader:1364:14) {
2025-11-10T15:09:09:   code: 'MODULE_NOT_FOUND',
2025-11-10T15:09:09:   requireStack: [ '/var/www/mansour/data/www/visiteapihub.duckdns.org/dist/main.js' ]
2025-11-10T15:09:09: }
2025-11-10T15:09:10: Error: Cannot find module './app.module'
2025-11-10T15:09:10: Require stack:
2025-11-10T15:09:10: - /var/www/mansour/data/www/visiteapihub.duckdns.org/dist/main.js
2025-11-10T15:09:10:     at Function.Module._resolveFilename (node:internal/modules/cjs/loader:1140:15)
2025-11-10T15:09:10:     at Module.Hook._require.Module.require (/usr/local/lib/node_modules/pm2/node_modules/require-in-the-middle/index.js:81:25)
2025-11-10T15:09:10:     at require (node:internal/modules/helpers:177:18)
2025-11-10T15:09:10:     at Object.<anonymous> (/var/www/mansour/data/www/visiteapihub.duckdns.org/src/main.ts:10:1)
2025-11-10T15:09:10:     at Module._compile (node:internal/modules/cjs/loader:1364:14)
2025-11-10T15:09:10:     at Object.Module._extensions..js (node:internal/modules/cjs/loader:1422:10)
2025-11-10T15:09:10:     at Module.load (node:internal/modules/cjs/loader:1203:32)
2025-11-10T15:09:10:     at Function.Module._load (node:internal/modules/cjs/loader:1019:12)
2025-11-10T15:09:10:     at Object.<anonymous> (/usr/local/lib/node_modules/pm2/lib/ProcessContainerFork.js:33:23)
2025-11-10T15:09:10:     at Module._compile (node:internal/modules/cjs/loader:1364:14) {
2025-11-10T15:09:10:   code: 'MODULE_NOT_FOUND',
2025-11-10T15:09:10:   requireStack: [ '/var/www/mansour/data/www/visiteapihub.duckdns.org/dist/main.js' ]
2025-11-10T15:09:10: }
2025-11-10T15:09:11: Error: Cannot find module './app.module'
2025-11-10T15:09:11: Require stack:
2025-11-10T15:09:11: - /var/www/mansour/data/www/visiteapihub.duckdns.org/dist/main.js
2025-11-10T15:09:11:     at Function.Module._resolveFilename (node:internal/modules/cjs/loader:1140:15)
2025-11-10T15:09:11:     at Module.Hook._require.Module.require (/usr/local/lib/node_modules/pm2/node_modules/require-in-the-middle/index.js:81:25)
2025-11-10T15:09:11:     at require (node:internal/modules/helpers:177:18)
2025-11-10T15:09:11:     at Object.<anonymous> (/var/www/mansour/data/www/visiteapihub.duckdns.org/src/main.ts:10:1)
2025-11-10T15:09:11:     at Module._compile (node:internal/modules/cjs/loader:1364:14)
2025-11-10T15:09:11:     at Object.Module._extensions..js (node:internal/modules/cjs/loader:1422:10)
2025-11-10T15:09:11:     at Module.load (node:internal/modules/cjs/loader:1203:32)
2025-11-10T15:09:11:     at Function.Module._load (node:internal/modules/cjs/loader:1019:12)
2025-11-10T15:09:11:     at Object.<anonymous> (/usr/local/lib/node_modules/pm2/lib/ProcessContainerFork.js:33:23)
2025-11-10T15:09:11:     at Module._compile (node:internal/modules/cjs/loader:1364:14) {
2025-11-10T15:09:11:   code: 'MODULE_NOT_FOUND',
2025-11-10T15:09:11:   requireStack: [ '/var/www/mansour/data/www/visiteapihub.duckdns.org/dist/main.js' ]
2025-11-10T15:09:11: }
2025-11-10T15:09:12: Error: Cannot find module './app.module'
2025-11-10T15:09:12: Require stack:
2025-11-10T15:09:12: - /var/www/mansour/data/www/visiteapihub.duckdns.org/dist/main.js
2025-11-10T15:09:12:     at Function.Module._resolveFilename (node:internal/modules/cjs/loader:1140:15)
2025-11-10T15:09:12:     at Module.Hook._require.Module.require (/usr/local/lib/node_modules/pm2/node_modules/require-in-the-middle/index.js:81:25)
2025-11-10T15:09:12:     at require (node:internal/modules/helpers:177:18)
2025-11-10T15:09:12:     at Object.<anonymous> (/var/www/mansour/data/www/visiteapihub.duckdns.org/src/main.ts:10:1)
2025-11-10T15:09:12:     at Module._compile (node:internal/modules/cjs/loader:1364:14)
2025-11-10T15:09:12:     at Object.Module._extensions..js (node:internal/modules/cjs/loader:1422:10)
2025-11-10T15:09:12:     at Module.load (node:internal/modules/cjs/loader:1203:32)
2025-11-10T15:09:12:     at Function.Module._load (node:internal/modules/cjs/loader:1019:12)
2025-11-10T15:09:12:     at Object.<anonymous> (/usr/local/lib/node_modules/pm2/lib/ProcessContainerFork.js:33:23)
2025-11-10T15:09:12:     at Module._compile (node:internal/modules/cjs/loader:1364:14) {
2025-11-10T15:09:12:   code: 'MODULE_NOT_FOUND',
2025-11-10T15:09:12:   requireStack: [ '/var/www/mansour/data/www/visiteapihub.duckdns.org/dist/main.js' ]
2025-11-10T15:09:12: }
2025-11-10T15:09:12: Error: Cannot find module './app.module'
2025-11-10T15:09:12: Require stack:
2025-11-10T15:09:12: - /var/www/mansour/data/www/visiteapihub.duckdns.org/dist/main.js
2025-11-10T15:09:12:     at Function.Module._resolveFilename (node:internal/modules/cjs/loader:1140:15)
2025-11-10T15:09:12:     at Module.Hook._require.Module.require (/usr/local/lib/node_modules/pm2/node_modules/require-in-the-middle/index.js:81:25)
2025-11-10T15:09:12:     at require (node:internal/modules/helpers:177:18)
2025-11-10T15:09:12:     at Object.<anonymous> (/var/www/mansour/data/www/visiteapihub.duckdns.org/src/main.ts:10:1)
2025-11-10T15:09:12:     at Module._compile (node:internal/modules/cjs/loader:1364:14)
2025-11-10T15:09:12:     at Object.Module._extensions..js (node:internal/modules/cjs/loader:1422:10)
2025-11-10T15:09:12:     at Module.load (node:internal/modules/cjs/loader:1203:32)
2025-11-10T15:09:12:     at Function.Module._load (node:internal/modules/cjs/loader:1019:12)
2025-11-10T15:09:12:     at Object.<anonymous> (/usr/local/lib/node_modules/pm2/lib/ProcessContainerFork.js:33:23)
2025-11-10T15:09:12:     at Module._compile (node:internal/modules/cjs/loader:1364:14) {
2025-11-10T15:09:12:   code: 'MODULE_NOT_FOUND',
2025-11-10T15:09:12:   requireStack: [ '/var/www/mansour/data/www/visiteapihub.duckdns.org/dist/main.js' ]
2025-11-10T15:09:12: }
2025-11-10T15:09:13: Error: Cannot find module './app.module'
2025-11-10T15:09:13: Require stack:
2025-11-10T15:09:13: - /var/www/mansour/data/www/visiteapihub.duckdns.org/dist/main.js
2025-11-10T15:09:13:     at Function.Module._resolveFilename (node:internal/modules/cjs/loader:1140:15)
2025-11-10T15:09:13:     at Module.Hook._require.Module.require (/usr/local/lib/node_modules/pm2/node_modules/require-in-the-middle/index.js:81:25)
2025-11-10T15:09:13:     at require (node:internal/modules/helpers:177:18)
2025-11-10T15:09:13:     at Object.<anonymous> (/var/www/mansour/data/www/visiteapihub.duckdns.org/src/main.ts:10:1)
2025-11-10T15:09:13:     at Module._compile (node:internal/modules/cjs/loader:1364:14)
2025-11-10T15:09:13:     at Object.Module._extensions..js (node:internal/modules/cjs/loader:1422:10)
2025-11-10T15:09:13:     at Module.load (node:internal/modules/cjs/loader:1203:32)
2025-11-10T15:09:13:     at Function.Module._load (node:internal/modules/cjs/loader:1019:12)
2025-11-10T15:09:13:     at Object.<anonymous> (/usr/local/lib/node_modules/pm2/lib/ProcessContainerFork.js:33:23)
2025-11-10T15:09:13:     at Module._compile (node:internal/modules/cjs/loader:1364:14) {
2025-11-10T15:09:13:   code: 'MODULE_NOT_FOUND',
2025-11-10T15:09:13:   requireStack: [ '/var/www/mansour/data/www/visiteapihub.duckdns.org/dist/main.js' ]
2025-11-10T15:09:13: }
2025-11-10T15:09:14: Error: Cannot find module './app.module'
2025-11-10T15:09:14: Require stack:
2025-11-10T15:09:14: - /var/www/mansour/data/www/visiteapihub.duckdns.org/dist/main.js
2025-11-10T15:09:14:     at Function.Module._resolveFilename (node:internal/modules/cjs/loader:1140:15)
2025-11-10T15:09:14:     at Module.Hook._require.Module.require (/usr/local/lib/node_modules/pm2/node_modules/require-in-the-middle/index.js:81:25)
2025-11-10T15:09:14:     at require (node:internal/modules/helpers:177:18)
2025-11-10T15:09:14:     at Object.<anonymous> (/var/www/mansour/data/www/visiteapihub.duckdns.org/src/main.ts:10:1)
2025-11-10T15:09:14:     at Module._compile (node:internal/modules/cjs/loader:1364:14)
2025-11-10T15:09:14:     at Object.Module._extensions..js (node:internal/modules/cjs/loader:1422:10)
2025-11-10T15:09:14:     at Module.load (node:internal/modules/cjs/loader:1203:32)
2025-11-10T15:09:14:     at Function.Module._load (node:internal/modules/cjs/loader:1019:12)
2025-11-10T15:09:14:     at Object.<anonymous> (/usr/local/lib/node_modules/pm2/lib/ProcessContainerFork.js:33:23)
2025-11-10T15:09:14:     at Module._compile (node:internal/modules/cjs/loader:1364:14) {
2025-11-10T15:09:14:   code: 'MODULE_NOT_FOUND',
2025-11-10T15:09:14:   requireStack: [ '/var/www/mansour/data/www/visiteapihub.duckdns.org/dist/main.js' ]
2025-11-10T15:09:14: }
2025-11-10T15:09:15: Error: Cannot find module './app.module'
2025-11-10T15:09:15: Require stack:
2025-11-10T15:09:15: - /var/www/mansour/data/www/visiteapihub.duckdns.org/dist/main.js
2025-11-10T15:09:15:     at Function.Module._resolveFilename (node:internal/modules/cjs/loader:1140:15)
2025-11-10T15:09:15:     at Module.Hook._require.Module.require (/usr/local/lib/node_modules/pm2/node_modules/require-in-the-middle/index.js:81:25)
2025-11-10T15:09:15:     at require (node:internal/modules/helpers:177:18)
2025-11-10T15:09:15:     at Object.<anonymous> (/var/www/mansour/data/www/visiteapihub.duckdns.org/src/main.ts:10:1)
2025-11-10T15:09:15:     at Module._compile (node:internal/modules/cjs/loader:1364:14)
2025-11-10T15:09:15:     at Object.Module._extensions..js (node:internal/modules/cjs/loader:1422:10)
2025-11-10T15:09:15:     at Module.load (node:internal/modules/cjs/loader:1203:32)
2025-11-10T15:09:15:     at Function.Module._load (node:internal/modules/cjs/loader:1019:12)
2025-11-10T15:09:15:     at Object.<anonymous> (/usr/local/lib/node_modules/pm2/lib/ProcessContainerFork.js:33:23)
2025-11-10T15:09:15:     at Module._compile (node:internal/modules/cjs/loader:1364:14) {
2025-11-10T15:09:15:   code: 'MODULE_NOT_FOUND',
2025-11-10T15:09:15:   requireStack: [ '/var/www/mansour/data/www/visiteapihub.duckdns.org/dist/main.js' ]
2025-11-10T15:09:15: }
2025-11-10T15:09:16: Error: Cannot find module './app.module'
2025-11-10T15:09:16: Require stack:
2025-11-10T15:09:16: - /var/www/mansour/data/www/visiteapihub.duckdns.org/dist/main.js
2025-11-10T15:09:16:     at Function.Module._resolveFilename (node:internal/modules/cjs/loader:1140:15)
2025-11-10T15:09:16:     at Module.Hook._require.Module.require (/usr/local/lib/node_modules/pm2/node_modules/require-in-the-middle/index.js:81:25)
2025-11-10T15:09:16:     at require (node:internal/modules/helpers:177:18)
2025-11-10T15:09:16:     at Object.<anonymous> (/var/www/mansour/data/www/visiteapihub.duckdns.org/src/main.ts:10:1)
2025-11-10T15:09:16:     at Module._compile (node:internal/modules/cjs/loader:1364:14)
2025-11-10T15:09:16:     at Object.Module._extensions..js (node:internal/modules/cjs/loader:1422:10)
2025-11-10T15:09:16:     at Module.load (node:internal/modules/cjs/loader:1203:32)
2025-11-10T15:09:16:     at Function.Module._load (node:internal/modules/cjs/loader:1019:12)
2025-11-10T15:09:16:     at Object.<anonymous> (/usr/local/lib/node_modules/pm2/lib/ProcessContainerFork.js:33:23)
2025-11-10T15:09:16:     at Module._compile (node:internal/modules/cjs/loader:1364:14) {
2025-11-10T15:09:16:   code: 'MODULE_NOT_FOUND',
2025-11-10T15:09:16:   requireStack: [ '/var/www/mansour/data/www/visiteapihub.duckdns.org/dist/main.js' ]
2025-11-10T15:09:16: }
